{
  "RSpec": {
    "coverage": {
      "/Users/adamjonas/Projects/object-mart/lib/object_mart.rb": [
        1,
        1,
        1,
        1,
        1
      ],
      "/Users/adamjonas/Projects/object-mart/lib/store.rb": [
        null,
        1,
        1,
        1,
        22,
        null,
        null,
        1,
        22,
        22,
        8954,
        null,
        22,
        null,
        null,
        1,
        8693,
        null,
        null,
        1,
        null,
        23,
        null,
        null,
        null,
        null,
        null,
        null,
        null,
        null,
        null,
        null,
        null,
        null,
        null,
        null,
        1,
        1,
        396,
        1,
        null,
        null,
        1,
        396,
        null,
        null
      ],
      "/Users/adamjonas/Projects/object-mart/lib/core_extensions.rb": [
        null,
        1,
        1,
        8711,
        null,
        null,
        null,
        1,
        1,
        2,
        null,
        null,
        null,
        1,
        1,
        8703,
        null,
        null
      ],
      "/Users/adamjonas/Projects/object-mart/lib/shopper.rb": [
        null,
        1,
        1,
        1,
        13,
        13,
        null,
        null,
        1,
        13,
        null,
        null,
        1,
        9108,
        23,
        23,
        null,
        null,
        1,
        67,
        null,
        null,
        1,
        8,
        null,
        null
      ],
      "/Users/adamjonas/Projects/object-mart/lib/item.rb": [
        null,
        1,
        1,
        1,
        8701,
        8701,
        8701,
        null,
        null
      ],
      "/Users/adamjonas/Projects/object-mart/lib/checkout.rb": [
        null,
        1,
        1,
        1,
        11,
        11,
        null,
        null,
        1,
        6,
        null,
        null,
        1,
        5,
        5,
        5,
        5,
        5,
        null,
        null,
        1,
        36,
        null,
        null,
        1,
        6,
        null,
        null,
        1,
        6,
        null,
        null
      ],
      "/Users/adamjonas/Projects/object-mart/spec/checkout_spec.rb": [
        1,
        3,
        8,
        4,
        2,
        null,
        1,
        1,
        2,
        null,
        null,
        null,
        1,
        1,
        1,
        null,
        null,
        null,
        1,
        1,
        1,
        null,
        null,
        null,
        1,
        1,
        4,
        1,
        1,
        1,
        1,
        null,
        null,
        1,
        4,
        1,
        1,
        1,
        null,
        null,
        1,
        4,
        1,
        1,
        1,
        null,
        null,
        null,
        1,
        1,
        4,
        1,
        1,
        null,
        null,
        null,
        1,
        1,
        4,
        1,
        1,
        null,
        null,
        null,
        1,
        1,
        4,
        1,
        1,
        1,
        null,
        null,
        null,
        1,
        1,
        4,
        1,
        1,
        1,
        1,
        null,
        null,
        null
      ],
      "/Users/adamjonas/Projects/object-mart/spec/core_extensions_spec.rb": [
        1,
        1,
        1,
        1,
        null,
        null,
        1,
        1,
        null,
        null,
        1,
        1,
        null,
        null,
        null,
        null,
        1,
        1,
        1,
        1,
        null,
        null,
        1,
        1,
        null,
        null,
        null,
        null,
        1,
        1,
        1,
        1,
        null,
        null,
        1,
        1,
        null,
        null,
        null
      ],
      "/Users/adamjonas/Projects/object-mart/spec/item_spec.rb": [
        1,
        4,
        null,
        1,
        1,
        2,
        null,
        null,
        null,
        1,
        1,
        1,
        null,
        null,
        null,
        1,
        1,
        1,
        null,
        null,
        null,
        1,
        1,
        1,
        null,
        null,
        null
      ],
      "/Users/adamjonas/Projects/object-mart/spec/shopper_spec.rb": [
        1,
        6,
        null,
        1,
        1,
        2,
        null,
        null,
        1,
        1,
        null,
        null,
        1,
        1,
        null,
        null,
        null,
        1,
        1,
        1,
        1,
        null,
        null,
        1,
        1,
        1,
        null,
        null,
        null,
        1,
        1,
        1,
        null,
        null,
        null
      ],
      "/Users/adamjonas/Projects/object-mart/spec/store_spec.rb": [
        1,
        9,
        1,
        1,
        null,
        null,
        null,
        null,
        null,
        null,
        null,
        null,
        null,
        null,
        null,
        null,
        null,
        1,
        1,
        2,
        null,
        null,
        null,
        1,
        1,
        1,
        null,
        null,
        null,
        1,
        1,
        1,
        null,
        null,
        1,
        1,
        null,
        null,
        null,
        1,
        1,
        1,
        null,
        null,
        null,
        1,
        4,
        null,
        1,
        1,
        null,
        null,
        1,
        1,
        null,
        null,
        1,
        1,
        null,
        null,
        null,
        1,
        1,
        1,
        null,
        null,
        null
      ]
    },
    "timestamp": 1611506954
  }
}
